[04/Jul/2020:09:16:53] (I): WordPress Instance Info:
[04/Jul/2020:09:16:53] (I): Home URL : http://localhost:8080/crystalOsMap
[04/Jul/2020:09:16:53] (I): Site URL : http://localhost:8080/crystalOsMap
[04/Jul/2020:09:16:53] (I): WordPress Version : 5.4.2
[04/Jul/2020:09:16:53] (I): Onboarding Version : 1.0.1
[04/Jul/2020:09:16:53] (I): Multisite : No
[04/Jul/2020:09:16:53] (I): Server Info : nginx/1.12.0
[04/Jul/2020:09:16:53] (I): PHP Version : 7.2.2
[04/Jul/2020:09:16:53] (I): HTTPS : No
[04/Jul/2020:09:16:53] (I): PHP Max Execution Time : 36000
[04/Jul/2020:09:16:53] (I): PHP Max Input Vars : 1000
[04/Jul/2020:09:16:53] (I): Max Upload Size : 8388608
[04/Jul/2020:09:16:53] (I): Plugins:
[04/Jul/2020:09:16:53] (I): [PLUGIN] Custom Code : v1.0 (Alberto Uozumi)
[04/Jul/2020:09:16:53] (I): [PLUGIN] Elementor : v2.9.13 (Elementor.com)
[04/Jul/2020:09:16:53] (I): [PLUGIN] JustFreeThemes Assistant : v1.1.0 (JustFreeThemes)
[04/Jul/2020:09:16:53] (I): [PLUGIN] One Click Demo Import : v2.5.2 (ProteusThemes)
[04/Jul/2020:09:16:53] (I): [PLUGIN] Image optimization service by Optimole : v2.4.1 (Optimole)
[04/Jul/2020:09:16:53] (I): [PLUGIN] Gutenberg Blocks and Template Library by Otter : v1.5.5 (ThemeIsle)
[04/Jul/2020:09:16:53] (I): [PLUGIN] Sydney Toolbox : v1.11 (aThemes)
[04/Jul/2020:09:16:53] (P): Saving remote XML
[04/Jul/2020:09:16:55] (S): Saved remote XML at path D:\laragon\www\crystalOsMap/wp-content/uploads/themeisle-demo-import.xml.
[04/Jul/2020:09:16:55] (P): Starting content import...
[04/Jul/2020:09:16:55] (S): Import started.
[04/Jul/2020:09:16:55] (S): Parsing XML file.
[04/Jul/2020:09:16:55] (P): Starting parsing file:D:\laragon\www\crystalOsMap/wp-content/uploads/themeisle-demo-import.xml
[04/Jul/2020:09:16:55] (P): Using WXR_Parser_SimpleXML...
[04/Jul/2020:09:16:55] (S): Parsed XML
[04/Jul/2020:09:16:55] (P): Processing categories...
[04/Jul/2020:09:16:55] (S): Processed categories.
[04/Jul/2020:09:16:55] (P): Processing tags...
[04/Jul/2020:09:16:55] (S): No tags to process.
[04/Jul/2020:09:16:55] (P): Processing terms...
[04/Jul/2020:09:16:55] (S): Processed terms.
[04/Jul/2020:09:16:55] (P): Processing posts...
[04/Jul/2020:09:16:55] (P): Processing single menu item ' '...
[04/Jul/2020:09:16:55] (P): Processing attachment: https://s33834.pcdn.co/web-agency-gb/wp-content/uploads/sites/422/2020/01/neve-webdesign-GB-01.png...
[04/Jul/2020:09:16:55] (P): Fetching attachment from url: https://s33834.pcdn.co/web-agency-gb/wp-content/uploads/sites/422/2020/01/neve-webdesign-GB-01.png...
[04/Jul/2020:09:16:55] (S): Fetched remote attachment.
[04/Jul/2020:09:16:55] (P): Inserting attachment...
[04/Jul/2020:09:16:55] (S): Attachment inserted
[04/Jul/2020:09:16:55] (S): Processed attachment.
[04/Jul/2020:09:16:55] (P): Processing attachment: https://s33834.pcdn.co/web-agency-gb/wp-content/uploads/sites/422/2020/01/neve-webdesign-GB-02.jpg...
[04/Jul/2020:09:16:55] (P): Fetching attachment from url: https://s33834.pcdn.co/web-agency-gb/wp-content/uploads/sites/422/2020/01/neve-webdesign-GB-02.jpg...
[04/Jul/2020:09:16:56] (S): Fetched remote attachment.
[04/Jul/2020:09:16:56] (P): Inserting attachment...
[04/Jul/2020:09:16:56] (S): Attachment inserted
[04/Jul/2020:09:16:56] (S): Processed attachment.
[04/Jul/2020:09:16:56] (P): Processing attachment: https://s33834.pcdn.co/web-agency-gb/wp-content/uploads/sites/422/2020/01/neve-webdesign-GB-03.png...
[04/Jul/2020:09:16:56] (P): Fetching attachment from url: https://s33834.pcdn.co/web-agency-gb/wp-content/uploads/sites/422/2020/01/neve-webdesign-GB-03.png...
[04/Jul/2020:09:16:56] (S): Fetched remote attachment.
[04/Jul/2020:09:16:56] (P): Inserting attachment...
[04/Jul/2020:09:16:56] (S): Attachment inserted
[04/Jul/2020:09:16:56] (S): Processed attachment.
[04/Jul/2020:09:16:56] (P): Processing attachment: https://s33834.pcdn.co/web-agency-gb/wp-content/uploads/sites/422/2020/01/neve-webdesign-GB-04.png...
[04/Jul/2020:09:16:56] (P): Fetching attachment from url: https://s33834.pcdn.co/web-agency-gb/wp-content/uploads/sites/422/2020/01/neve-webdesign-GB-04.png...
[04/Jul/2020:09:16:57] (S): Fetched remote attachment.
[04/Jul/2020:09:16:57] (P): Inserting attachment...
[04/Jul/2020:09:16:57] (S): Attachment inserted
[04/Jul/2020:09:16:57] (S): Processed attachment.
[04/Jul/2020:09:16:57] (P): Processing attachment: https://s33834.pcdn.co/web-agency-gb/wp-content/uploads/sites/422/2020/01/neve-web-design-bg-05.jpg...
[04/Jul/2020:09:16:57] (P): Fetching attachment from url: https://s33834.pcdn.co/web-agency-gb/wp-content/uploads/sites/422/2020/01/neve-web-design-bg-05.jpg...
[04/Jul/2020:09:16:58] (S): Fetched remote attachment.
[04/Jul/2020:09:16:58] (P): Inserting attachment...
[04/Jul/2020:09:16:58] (S): Attachment inserted
[04/Jul/2020:09:16:58] (S): Processed attachment.
[04/Jul/2020:09:16:58] (P): Processing attachment: https://s33834.pcdn.co/web-agency-gb/wp-content/uploads/sites/422/2020/01/neve-web-design-bg-06.jpg...
[04/Jul/2020:09:16:58] (P): Fetching attachment from url: https://s33834.pcdn.co/web-agency-gb/wp-content/uploads/sites/422/2020/01/neve-web-design-bg-06.jpg...
[04/Jul/2020:09:16:58] (S): Fetched remote attachment.
[04/Jul/2020:09:16:58] (P): Inserting attachment...
[04/Jul/2020:09:16:58] (S): Attachment inserted
[04/Jul/2020:09:16:58] (S): Processed attachment.
[04/Jul/2020:09:16:58] (P): Processing attachment: https://s33834.pcdn.co/web-agency-gb/wp-content/uploads/sites/422/2020/01/neve-web-design-bg-07.jpg...
[04/Jul/2020:09:16:58] (P): Fetching attachment from url: https://s33834.pcdn.co/web-agency-gb/wp-content/uploads/sites/422/2020/01/neve-web-design-bg-07.jpg...
[04/Jul/2020:09:16:59] (S): Fetched remote attachment.
[04/Jul/2020:09:16:59] (P): Inserting attachment...
[04/Jul/2020:09:16:59] (S): Attachment inserted
[04/Jul/2020:09:16:59] (S): Processed attachment.
[04/Jul/2020:09:16:59] (P): Processing attachment: https://s33834.pcdn.co/web-agency-gb/wp-content/uploads/sites/422/2020/01/neve-web-design-bg-08.jpg...
[04/Jul/2020:09:16:59] (P): Fetching attachment from url: https://s33834.pcdn.co/web-agency-gb/wp-content/uploads/sites/422/2020/01/neve-web-design-bg-08.jpg...
[04/Jul/2020:09:16:59] (S): Fetched remote attachment.
[04/Jul/2020:09:16:59] (P): Inserting attachment...
[04/Jul/2020:09:16:59] (S): Attachment inserted
[04/Jul/2020:09:16:59] (S): Processed attachment.
[04/Jul/2020:09:16:59] (P): Processing attachment: https://s33834.pcdn.co/web-agency-gb/wp-content/uploads/sites/422/2020/01/neve-web-design-bg-09.jpg...
[04/Jul/2020:09:16:59] (P): Fetching attachment from url: https://s33834.pcdn.co/web-agency-gb/wp-content/uploads/sites/422/2020/01/neve-web-design-bg-09.jpg...
[04/Jul/2020:09:17:00] (S): Fetched remote attachment.
[04/Jul/2020:09:17:00] (P): Inserting attachment...
[04/Jul/2020:09:17:00] (S): Attachment inserted
[04/Jul/2020:09:17:00] (S): Processed attachment.
[04/Jul/2020:09:17:00] (P): Processing attachment: https://s33834.pcdn.co/web-agency-gb/wp-content/uploads/sites/422/2020/01/neve-web-design-bg-10.jpg...
[04/Jul/2020:09:17:00] (P): Fetching attachment from url: https://s33834.pcdn.co/web-agency-gb/wp-content/uploads/sites/422/2020/01/neve-web-design-bg-10.jpg...
[04/Jul/2020:09:17:00] (S): Fetched remote attachment.
[04/Jul/2020:09:17:00] (P): Inserting attachment...
[04/Jul/2020:09:17:00] (S): Attachment inserted
[04/Jul/2020:09:17:00] (S): Processed attachment.
[04/Jul/2020:09:17:00] (P): Processing attachment: https://s33834.pcdn.co/web-agency-gb/wp-content/uploads/sites/422/2020/01/neve-web-design-bg-11.jpg...
[04/Jul/2020:09:17:00] (P): Fetching attachment from url: https://s33834.pcdn.co/web-agency-gb/wp-content/uploads/sites/422/2020/01/neve-web-design-bg-11.jpg...
[04/Jul/2020:09:17:02] (S): Fetched remote attachment.
[04/Jul/2020:09:17:02] (P): Inserting attachment...
[04/Jul/2020:09:17:02] (S): Attachment inserted
[04/Jul/2020:09:17:02] (S): Processed attachment.
[04/Jul/2020:09:17:02] (P): Processing attachment: https://s33834.pcdn.co/web-agency-gb/wp-content/uploads/sites/422/2020/01/neve-web-design-bg-12.jpg...
[04/Jul/2020:09:17:02] (P): Fetching attachment from url: https://s33834.pcdn.co/web-agency-gb/wp-content/uploads/sites/422/2020/01/neve-web-design-bg-12.jpg...
[04/Jul/2020:09:17:03] (S): Fetched remote attachment.
[04/Jul/2020:09:17:03] (P): Inserting attachment...
[04/Jul/2020:09:17:03] (S): Attachment inserted
[04/Jul/2020:09:17:03] (S): Processed attachment.
[04/Jul/2020:09:17:03] (P): Processing attachment: https://s33834.pcdn.co/web-agency-gb/wp-content/uploads/sites/422/2020/01/neve-web-design-bg-13.jpg...
[04/Jul/2020:09:17:03] (P): Fetching attachment from url: https://s33834.pcdn.co/web-agency-gb/wp-content/uploads/sites/422/2020/01/neve-web-design-bg-13.jpg...
[04/Jul/2020:09:17:04] (S): Fetched remote attachment.
[04/Jul/2020:09:17:04] (P): Inserting attachment...
[04/Jul/2020:09:17:04] (S): Attachment inserted
[04/Jul/2020:09:17:04] (S): Processed attachment.
[04/Jul/2020:09:17:04] (P): Processing attachment: https://s33834.pcdn.co/web-agency-gb/wp-content/uploads/sites/422/2020/01/neve-web-design-bg-14.jpg...
[04/Jul/2020:09:17:04] (P): Fetching attachment from url: https://s33834.pcdn.co/web-agency-gb/wp-content/uploads/sites/422/2020/01/neve-web-design-bg-14.jpg...
[04/Jul/2020:09:17:04] (S): Fetched remote attachment.
[04/Jul/2020:09:17:04] (P): Inserting attachment...
[04/Jul/2020:09:17:04] (S): Attachment inserted
[04/Jul/2020:09:17:04] (S): Processed attachment.
[04/Jul/2020:09:17:04] (P): Processing attachment: https://s33834.pcdn.co/web-agency-gb/wp-content/uploads/sites/422/2020/01/neve-web-design-bg-15.jpg...
[04/Jul/2020:09:17:04] (P): Fetching attachment from url: https://s33834.pcdn.co/web-agency-gb/wp-content/uploads/sites/422/2020/01/neve-web-design-bg-15.jpg...
[04/Jul/2020:09:17:06] (S): Fetched remote attachment.
[04/Jul/2020:09:17:06] (P): Inserting attachment...
[04/Jul/2020:09:17:06] (S): Attachment inserted
[04/Jul/2020:09:17:06] (S): Processed attachment.
[04/Jul/2020:09:17:06] (P): Processing attachment: https://s33834.pcdn.co/web-agency-gb/wp-content/uploads/sites/422/2020/06/web-agency-logo-2.png...
[04/Jul/2020:09:17:06] (P): Fetching attachment from url: https://s33834.pcdn.co/web-agency-gb/wp-content/uploads/sites/422/2020/06/web-agency-logo-2.png...
[04/Jul/2020:09:17:07] (S): Fetched remote attachment.
[04/Jul/2020:09:17:07] (P): Inserting attachment...
[04/Jul/2020:09:17:07] (S): Attachment inserted
[04/Jul/2020:09:17:07] (S): Processed attachment.
[04/Jul/2020:09:17:07] (P): Processing attachment: https://s33834.pcdn.co/web-agency-gb/wp-content/uploads/sites/422/2020/06/web-agency-icon.png...
[04/Jul/2020:09:17:07] (P): Fetching attachment from url: https://s33834.pcdn.co/web-agency-gb/wp-content/uploads/sites/422/2020/06/web-agency-icon.png...
[04/Jul/2020:09:17:08] (S): Fetched remote attachment.
[04/Jul/2020:09:17:08] (P): Inserting attachment...
[04/Jul/2020:09:17:08] (S): Attachment inserted
[04/Jul/2020:09:17:08] (S): Processed attachment.
[04/Jul/2020:09:17:08] (P): Processing attachment: https://s33834.pcdn.co/web-agency-gb/wp-content/uploads/sites/422/2020/06/cropped-web-agency-logo-2.png...
[04/Jul/2020:09:17:08] (P): Fetching attachment from url: https://s33834.pcdn.co/web-agency-gb/wp-content/uploads/sites/422/2020/06/cropped-web-agency-logo-2.png...
[04/Jul/2020:09:17:08] (S): Fetched remote attachment.
[04/Jul/2020:09:17:08] (P): Inserting attachment...
[04/Jul/2020:09:17:08] (S): Attachment inserted
[04/Jul/2020:09:17:08] (S): Processed attachment.
[04/Jul/2020:09:17:08] (P): Processing attachment: https://s33834.pcdn.co/web-agency-gb/wp-content/uploads/sites/422/2020/06/cropped-web-agency-icon.png...
[04/Jul/2020:09:17:08] (P): Fetching attachment from url: https://s33834.pcdn.co/web-agency-gb/wp-content/uploads/sites/422/2020/06/cropped-web-agency-icon.png...
[04/Jul/2020:09:17:09] (S): Fetched remote attachment.
[04/Jul/2020:09:17:09] (P): Inserting attachment...
[04/Jul/2020:09:17:09] (S): Attachment inserted
[04/Jul/2020:09:17:09] (S): Processed attachment.
[04/Jul/2020:09:17:09] (P): Inserting page: News .
[04/Jul/2020:09:17:09] (S): Done inserting page: News .
[04/Jul/2020:09:17:09] (P): Inserting page: Home .
[04/Jul/2020:09:17:09] (S): Done inserting page: Home .
[04/Jul/2020:09:17:09] (P): Processing single menu item ' '...
[04/Jul/2020:09:17:09] (S): Processed single menu item.
[04/Jul/2020:09:17:09] (P): Inserting wp_block: 3 column section .
[04/Jul/2020:09:17:09] (S): Done inserting wp_block: 3 column section .
[04/Jul/2020:09:17:09] (P): Inserting page: About Us .
[04/Jul/2020:09:17:09] (S): Done inserting page: About Us .
[04/Jul/2020:09:17:09] (P): Processing single menu item ' '...
[04/Jul/2020:09:17:09] (S): Processed single menu item.
[04/Jul/2020:09:17:09] (P): Inserting page: Portfolio .
[04/Jul/2020:09:17:09] (S): Done inserting page: Portfolio .
[04/Jul/2020:09:17:09] (P): Inserting page: Portfolio Single .
[04/Jul/2020:09:17:09] (S): Done inserting page: Portfolio Single .
[04/Jul/2020:09:17:09] (P): Processing single menu item ' '...
[04/Jul/2020:09:17:09] (S): Processed single menu item.
[04/Jul/2020:09:17:09] (P): Processing single menu item ' '...
[04/Jul/2020:09:17:09] (S): Processed single menu item.
[04/Jul/2020:09:17:09] (P): Inserting page: Contact Us .
[04/Jul/2020:09:17:09] (S): Done inserting page: Contact Us .
[04/Jul/2020:09:17:09] (P): Processing single menu item ' '...
[04/Jul/2020:09:17:09] (S): Processed single menu item.
[04/Jul/2020:09:17:09] (S): Processed posts.
[04/Jul/2020:09:17:09] (P): Processing single menu item ' '...
[04/Jul/2020:09:17:09] (S): Processed single menu item.
[04/Jul/2020:09:17:10] (P): Cleaning up import with id ...
[04/Jul/2020:09:17:10] (P): Done cleanup. Flushing cache...
[04/Jul/2020:09:17:10] (P): Flushed cache. Removing temporary data..
[04/Jul/2020:09:17:10] (S): Done importing
[04/Jul/2020:09:17:10] (P): Busting elementor cache
[04/Jul/2020:09:17:10] (S): Front page set up with id: 5.
